{
  "stats": {
    "suites": 3,
    "tests": 4,
    "passes": 4,
    "pending": 0,
    "failures": 0,
    "start": "2023-09-07T10:36:25.301Z",
    "end": "2023-09-07T10:36:31.549Z",
    "duration": 6248,
    "testsRegistered": 4,
    "passPercent": 100,
    "pendingPercent": 0,
    "other": 0,
    "hasOther": false,
    "skipped": 0,
    "hasSkipped": false
  },
  "results": [
    {
      "uuid": "ca14dcc0-0df8-4f2f-9f1d-e4cb36816774",
      "title": "",
      "fullFile": "",
      "file": "",
      "beforeHooks": [],
      "afterHooks": [],
      "tests": [],
      "suites": [
        {
          "uuid": "337f215e-2cd5-48f8-99d7-0c347562b697",
          "title": "account",
          "fullFile": "C:\\codecept\\e2e\\account_test.ts",
          "file": "\\e2e\\account_test.ts",
          "beforeHooks": [
            {
              "title": "\"before all\" hook: codeceptjs.beforeSuite in \"account\"",
              "fullTitle": "account \"before all\" hook: codeceptjs.beforeSuite in \"account\"",
              "timedOut": false,
              "duration": 290,
              "state": null,
              "speed": null,
              "pass": false,
              "fail": false,
              "pending": false,
              "context": null,
              "code": "scenario.suiteSetup(suite)",
              "err": {},
              "uuid": "19f6ec3b-32a6-484b-aaa3-e0deb74d3c7b",
              "parentUUID": "337f215e-2cd5-48f8-99d7-0c347562b697",
              "isHook": true,
              "skipped": false
            },
            {
              "title": "\"before each\" hook: codeceptjs.before in \"account\"",
              "fullTitle": "account \"before each\" hook: codeceptjs.before in \"account\"",
              "timedOut": false,
              "duration": 179,
              "state": null,
              "speed": null,
              "pass": false,
              "fail": false,
              "pending": false,
              "context": null,
              "code": "scenario.setup(suite)",
              "err": {},
              "uuid": "1827131b-dcce-40e7-acb6-15f2c26d5588",
              "parentUUID": "337f215e-2cd5-48f8-99d7-0c347562b697",
              "isHook": true,
              "skipped": false
            }
          ],
          "afterHooks": [
            {
              "title": "\"after all\" hook: codeceptjs.afterSuite in \"account\"",
              "fullTitle": "account \"after all\" hook: codeceptjs.afterSuite in \"account\"",
              "timedOut": false,
              "duration": 0,
              "state": null,
              "speed": null,
              "pass": false,
              "fail": false,
              "pending": false,
              "context": null,
              "code": "scenario.suiteTeardown(suite)",
              "err": {},
              "uuid": "819fa395-684f-434e-b093-9e9487635b33",
              "parentUUID": "337f215e-2cd5-48f8-99d7-0c347562b697",
              "isHook": true,
              "skipped": false
            },
            {
              "title": "\"after each\" hook: finalize codeceptjs in \"account\"",
              "fullTitle": "account \"after each\" hook: finalize codeceptjs in \"account\"",
              "timedOut": false,
              "duration": 67,
              "state": null,
              "speed": null,
              "pass": false,
              "fail": false,
              "pending": false,
              "context": null,
              "code": "scenario.teardown(suite)",
              "err": {},
              "uuid": "bc8b7465-761b-4c30-b631-ef5b54fc2432",
              "parentUUID": "337f215e-2cd5-48f8-99d7-0c347562b697",
              "isHook": true,
              "skipped": false
            }
          ],
          "tests": [
            {
              "title": "test something",
              "fullTitle": "account: test something",
              "timedOut": false,
              "duration": 27,
              "state": "passed",
              "speed": "fast",
              "pass": true,
              "fail": false,
              "pending": false,
              "context": null,
              "code": "I }) => {",
              "err": {},
              "uuid": "18318552-9007-4ad4-be43-0c2fb2a0da82",
              "parentUUID": "337f215e-2cd5-48f8-99d7-0c347562b697",
              "isHook": false,
              "skipped": false
            }
          ],
          "suites": [],
          "passes": [
            "18318552-9007-4ad4-be43-0c2fb2a0da82"
          ],
          "failures": [],
          "pending": [],
          "skipped": [],
          "duration": 27,
          "root": false,
          "rootEmpty": false,
          "_timeout": 0
        },
        {
          "uuid": "3b4e57c9-fcef-4041-81d2-e6437bcfbdfd",
          "title": "login",
          "fullFile": "C:\\codecept\\e2e\\login_test.ts",
          "file": "\\e2e\\login_test.ts",
          "beforeHooks": [
            {
              "title": "\"before all\" hook: codeceptjs.beforeSuite in \"login\"",
              "fullTitle": "login \"before all\" hook: codeceptjs.beforeSuite in \"login\"",
              "timedOut": false,
              "duration": 0,
              "state": null,
              "speed": null,
              "pass": false,
              "fail": false,
              "pending": false,
              "context": null,
              "code": "scenario.suiteSetup(suite)",
              "err": {},
              "uuid": "093261ad-fb63-40e2-b402-51a54ffd33bb",
              "parentUUID": "3b4e57c9-fcef-4041-81d2-e6437bcfbdfd",
              "isHook": true,
              "skipped": false
            },
            {
              "title": "\"before each\" hook: codeceptjs.before in \"login\"",
              "fullTitle": "login \"before each\" hook: codeceptjs.before in \"login\"",
              "timedOut": false,
              "duration": 394,
              "state": null,
              "speed": null,
              "pass": false,
              "fail": false,
              "pending": false,
              "context": null,
              "code": "scenario.setup(suite)",
              "err": {},
              "uuid": "9d7f3e1b-3d14-419f-9ec6-87f77221a180",
              "parentUUID": "3b4e57c9-fcef-4041-81d2-e6437bcfbdfd",
              "isHook": true,
              "skipped": false
            }
          ],
          "afterHooks": [
            {
              "title": "\"after all\" hook: codeceptjs.afterSuite in \"login\"",
              "fullTitle": "login \"after all\" hook: codeceptjs.afterSuite in \"login\"",
              "timedOut": false,
              "duration": 0,
              "state": null,
              "speed": null,
              "pass": false,
              "fail": false,
              "pending": false,
              "context": null,
              "code": "scenario.suiteTeardown(suite)",
              "err": {},
              "uuid": "7e4c6816-59eb-44a3-8158-d8ed35d77103",
              "parentUUID": "3b4e57c9-fcef-4041-81d2-e6437bcfbdfd",
              "isHook": true,
              "skipped": false
            },
            {
              "title": "\"after each\" hook: finalize codeceptjs in \"login\"",
              "fullTitle": "login \"after each\" hook: finalize codeceptjs in \"login\"",
              "timedOut": false,
              "duration": 48,
              "state": null,
              "speed": null,
              "pass": false,
              "fail": false,
              "pending": false,
              "context": null,
              "code": "scenario.teardown(suite)",
              "err": {},
              "uuid": "46b8a00a-e4ba-4929-9a05-d00dc2ad6b1e",
              "parentUUID": "3b4e57c9-fcef-4041-81d2-e6437bcfbdfd",
              "isHook": true,
              "skipped": false
            }
          ],
          "tests": [
            {
              "title": "Login With valid user @critical @mobile @tablet",
              "fullTitle": "login: Login With valid user @critical @mobile @tablet",
              "timedOut": false,
              "duration": 1671,
              "state": "passed",
              "speed": "slow",
              "pass": true,
              "fail": false,
              "pending": false,
              "context": null,
              "code": "I, }) => {\n    I.doLogin('standard_user', 'secret_sauce');\n    I.see('Swag Labs', 'head > title');",
              "err": {},
              "uuid": "4d6418f5-5f4f-4c90-9d85-c41403a2975b",
              "parentUUID": "3b4e57c9-fcef-4041-81d2-e6437bcfbdfd",
              "isHook": false,
              "skipped": false
            },
            {
              "title": "Select burger menu",
              "fullTitle": "login: Select burger menu",
              "timedOut": false,
              "duration": 2455,
              "state": "passed",
              "speed": "slow",
              "pass": true,
              "fail": false,
              "pending": false,
              "context": null,
              "code": "I }) => {\n    I.doLogin('standard_user', 'secret_sauce');\n    I.click('#react-burger-menu-btn');\n    I.click('#about_sidebar_link');\n    I.see('The world relies on your code. Test on thousands of different device, browser, and OS configurations–anywhere, any time.', '.MuiBox-root.css-4q1zgn');",
              "err": {},
              "uuid": "0c4d9a61-8522-4299-9e80-abd074b7ecc8",
              "parentUUID": "3b4e57c9-fcef-4041-81d2-e6437bcfbdfd",
              "isHook": false,
              "skipped": false
            }
          ],
          "suites": [],
          "passes": [
            "4d6418f5-5f4f-4c90-9d85-c41403a2975b",
            "0c4d9a61-8522-4299-9e80-abd074b7ecc8"
          ],
          "failures": [],
          "pending": [],
          "skipped": [],
          "duration": 4126,
          "root": false,
          "rootEmpty": false,
          "_timeout": 0
        },
        {
          "uuid": "3b553ae0-39e3-4da7-b8ba-bbf0ae7b94f3",
          "title": "pokemon_api",
          "fullFile": "C:\\codecept\\e2e\\pokemon_api_test.ts",
          "file": "\\e2e\\pokemon_api_test.ts",
          "beforeHooks": [
            {
              "title": "\"before all\" hook: codeceptjs.beforeSuite in \"pokemon_api\"",
              "fullTitle": "pokemon_api \"before all\" hook: codeceptjs.beforeSuite in \"pokemon_api\"",
              "timedOut": false,
              "duration": 1,
              "state": null,
              "speed": null,
              "pass": false,
              "fail": false,
              "pending": false,
              "context": null,
              "code": "scenario.suiteSetup(suite)",
              "err": {},
              "uuid": "3551d5bf-3610-47a0-9bb4-3cd5ab4e7d9e",
              "parentUUID": "3b553ae0-39e3-4da7-b8ba-bbf0ae7b94f3",
              "isHook": true,
              "skipped": false
            },
            {
              "title": "\"before each\" hook: codeceptjs.before in \"pokemon_api\"",
              "fullTitle": "pokemon_api \"before each\" hook: codeceptjs.before in \"pokemon_api\"",
              "timedOut": false,
              "duration": 391,
              "state": null,
              "speed": null,
              "pass": false,
              "fail": false,
              "pending": false,
              "context": null,
              "code": "scenario.setup(suite)",
              "err": {},
              "uuid": "ee247711-e57c-44fe-9e55-51bfe6c0cfde",
              "parentUUID": "3b553ae0-39e3-4da7-b8ba-bbf0ae7b94f3",
              "isHook": true,
              "skipped": false
            }
          ],
          "afterHooks": [
            {
              "title": "\"after all\" hook: codeceptjs.afterSuite in \"pokemon_api\"",
              "fullTitle": "pokemon_api \"after all\" hook: codeceptjs.afterSuite in \"pokemon_api\"",
              "timedOut": false,
              "duration": 0,
              "state": null,
              "speed": null,
              "pass": false,
              "fail": false,
              "pending": false,
              "context": null,
              "code": "scenario.suiteTeardown(suite)",
              "err": {},
              "uuid": "d9d49bb1-e183-48d5-9b3d-df98888d26ba",
              "parentUUID": "3b553ae0-39e3-4da7-b8ba-bbf0ae7b94f3",
              "isHook": true,
              "skipped": false
            },
            {
              "title": "\"after each\" hook: finalize codeceptjs in \"pokemon_api\"",
              "fullTitle": "pokemon_api \"after each\" hook: finalize codeceptjs in \"pokemon_api\"",
              "timedOut": false,
              "duration": 114,
              "state": null,
              "speed": null,
              "pass": false,
              "fail": false,
              "pending": false,
              "context": null,
              "code": "scenario.teardown(suite)",
              "err": {},
              "uuid": "4defc32b-c4e0-449a-8ed6-ff16853670d7",
              "parentUUID": "3b553ae0-39e3-4da7-b8ba-bbf0ae7b94f3",
              "isHook": true,
              "skipped": false
            }
          ],
          "tests": [
            {
              "title": "get pikachu",
              "fullTitle": "pokemon_api: get pikachu",
              "timedOut": false,
              "duration": 114,
              "state": "passed",
              "speed": "slow",
              "pass": true,
              "fail": false,
              "pending": false,
              "context": null,
              "code": "I }) => {\n    I.getByHelper('pikachu');",
              "err": {},
              "uuid": "958f0436-bc93-4272-adc1-62cea87fcc72",
              "parentUUID": "3b553ae0-39e3-4da7-b8ba-bbf0ae7b94f3",
              "isHook": false,
              "skipped": false
            }
          ],
          "suites": [],
          "passes": [
            "958f0436-bc93-4272-adc1-62cea87fcc72"
          ],
          "failures": [],
          "pending": [],
          "skipped": [],
          "duration": 114,
          "root": false,
          "rootEmpty": false,
          "_timeout": 0
        }
      ],
      "passes": [],
      "failures": [],
      "pending": [],
      "skipped": [],
      "duration": 0,
      "root": true,
      "rootEmpty": true,
      "_timeout": 0
    }
  ],
  "meta": {
    "mocha": {
      "version": "10.2.0"
    },
    "mochawesome": {
      "options": {
        "quiet": false,
        "reportFilename": "mochawesome",
        "saveHtml": true,
        "saveJson": true,
        "consoleReporter": "spec",
        "useInlineDiffs": false,
        "code": true
      },
      "version": "7.1.3"
    },
    "marge": {
      "options": {
        "reportDir": "output"
      },
      "version": "6.2.0"
    }
  }
}